Send POST https://api.jpush.cn/v3/push, body:{"platform":["ios","android"],"audience":{"registration_id":["190e35f7e040db06cce"]},"notification":{"alert":"\u4e2a\u4eba\u4fe1\u606f\u5ba1\u6838\u4e0d\u901a\u8fc7\uff0c\u8bf7\u91cd\u65b0\u767b\u9646\u4e0a\u4f20"},"options":{"sendno":965083088,"apns_production":false}}, times:1
Send POST https://api.jpush.cn/v3/push, body:{"platform":["ios","android"],"audience":{"registration_id":["190e35f7e040db06cce"]},"notification":{"alert":"\u4e2a\u4eba\u4fe1\u606f\u5ba1\u6838\u4e0d\u901a\u8fc7\uff0c\u8bf7\u91cd\u65b0\u767b\u9646\u4e0a\u4f20"},"options":{"sendno":838669876,"apns_production":false}}, times:1
Send POST https://api.jpush.cn/v3/push, body:{"platform":["ios","android"],"audience":{"registration_id":["190e35f7e040db06cce"]},"notification":{"alert":"\u4e2a\u4eba\u4fe1\u606f\u5ba1\u6838\u4e0d\u901a\u8fc7\uff0c\u8bf7\u91cd\u65b0\u767b\u9646\u4e0a\u4f20"},"options":{"sendno":240672890,"apns_production":false}}, times:1
Send POST https://api.jpush.cn/v3/push, body:{"platform":["ios","android"],"audience":{"registration_id":["190e35f7e040db06cce"]},"notification":{"alert":"\u4e2a\u4eba\u4fe1\u606f\u5ba1\u6838\u4e0d\u901a\u8fc7\uff0c\u8bf7\u91cd\u65b0\u767b\u9646\u4e0a\u4f20"},"options":{"sendno":1751205180,"apns_production":false}}, times:1
Send POST https://api.jpush.cn/v3/push, body:{"platform":["ios","android"],"audience":{"registration_id":["190e35f7e040db06cce"]},"notification":{"alert":"\u4e2a\u4eba\u4fe1\u606f\u5ba1\u6838\u4e0d\u901a\u8fc7\uff0c\u8bf7\u91cd\u65b0\u767b\u9646\u4e0a\u4f20"},"options":{"sendno":1073483032,"apns_production":false}}, times:1
Send POST https://api.jpush.cn/v3/push, body:{"platform":["ios","android"],"audience":{"registration_id":["190e35f7e040db06cce"]},"notification":{"alert":"\u4e2a\u4eba\u4fe1\u606f\u5ba1\u6838\u4e0d\u901a\u8fc7\uff0c\u8bf7\u91cd\u65b0\u767b\u9646\u4e0a\u4f20"},"options":{"sendno":1266366671,"apns_production":false}}, times:1
Send POST https://api.jpush.cn/v3/push, body:{"platform":["ios","android"],"audience":{"registration_id":["190e35f7e040db06cce"]},"notification":{"alert":"\u4e2a\u4eba\u4fe1\u606f\u5ba1\u6838\u4e0d\u901a\u8fc7\uff0c\u8bf7\u91cd\u65b0\u767b\u9646\u4e0a\u4f20"},"options":{"sendno":893079352,"apns_production":false}}, times:1
Send POST https://api.jpush.cn/v3/push, body:{"platform":["ios","android"],"audience":{"registration_id":["190e35f7e040db06cce"]},"notification":{"alert":"\u4e2a\u4eba\u4fe1\u606f\u5ba1\u6838\u4e0d\u901a\u8fc7\uff0c\u8bf7\u91cd\u65b0\u767b\u9646\u4e0a\u4f20"},"options":{"sendno":939054332,"apns_production":false}}, times:1
Send POST https://api.jpush.cn/v3/push, body:{"platform":["ios","android"],"audience":{"registration_id":["190e35f7e040db06cce"]},"notification":{"alert":"\u4e2a\u4eba\u4fe1\u606f\u5ba1\u6838\u4e0d\u901a\u8fc7\uff0c\u8bf7\u91cd\u65b0\u767b\u9646\u4e0a\u4f20"},"options":{"sendno":16875318,"apns_production":false}}, times:1
Send POST https://api.jpush.cn/v3/push, body:{"platform":["ios","android"],"audience":{"registration_id":["190e35f7e040db06cce"]},"notification":{"alert":"\u4e2a\u4eba\u4fe1\u606f\u5ba1\u6838\u4e0d\u901a\u8fc7\uff0c\u8bf7\u91cd\u65b0\u767b\u9646\u4e0a\u4f20"},"options":{"sendno":1585576033,"apns_production":false}}, times:1
Send POST https://api.jpush.cn/v3/push, body:{"platform":["ios","android"],"audience":{"registration_id":["190e35f7e040db06cce"]},"notification":{"alert":"\u4e2a\u4eba\u4fe1\u606f\u5ba1\u6838\u4e0d\u901a\u8fc7\uff0c\u8bf7\u91cd\u65b0\u767b\u9646\u4e0a\u4f20"},"options":{"sendno":37050314,"apns_production":false}}, times:1
Send POST https://api.jpush.cn/v3/push, body:{"platform":["ios","android"],"audience":{"registration_id":["190e35f7e040db06cce"]},"notification":{"alert":"\u4e2a\u4eba\u4fe1\u606f\u5ba1\u6838\u4e0d\u901a\u8fc7\uff0c\u8bf7\u91cd\u65b0\u767b\u9646\u4e0a\u4f20"},"options":{"sendno":1959455849,"apns_production":false}}, times:1
Send GET https://device.jpush.cn/v3/devices/190e35f7e040db06cce, body:null, times:1
Send GET https://device.jpush.cn/v3/devices/190e35f7e040db06cce, body:null, times:1
Send GET https://device.jpush.cn/v3/devices/190e35f7e040db06cce, body:null, times:1
Send GET https://device.jpush.cn/v3/devices/190e35f7e040db06cce, body:null, times:1
Send GET https://device.jpush.cn/v3/devices/190e35f7e040db06cce, body:null, times:1
Send GET https://device.jpush.cn/v3/devices/190e35f7e040db06cce, body:null, times:1
Send GET https://device.jpush.cn/v3/devices/190e35f7e040db06cce, body:null, times:1
Send POST https://device.jpush.cn/v3/devices/190e35f7e040db06cce, body:{"alias":"10606"}, times:1
Send POST https://api.jpush.cn/v3/push, body:{"platform":["ios","android"],"audience":{"alias":["10606"]},"notification":{"alert":"\u4e2a\u4eba\u4fe1\u606f\u5ba1\u6838\u4e0d\u901a\u8fc7\uff0c\u8bf7\u91cd\u65b0\u767b\u9646\u4e0a\u4f20"},"options":{"sendno":1013221940,"apns_production":false}}, times:1
Send GET https://device.jpush.cn/v3/devices/190e35f7e040db06cce, body:null, times:1
Send POST https://api.jpush.cn/v3/push, body:{"platform":["ios","android"],"audience":{"alias":["10606"]},"notification":{"alert":"\u4e2a\u4eba\u4fe1\u606f\u5ba1\u6838\u4e0d\u901a\u8fc7\uff0c\u8bf7\u91cd\u65b0\u767b\u9646\u4e0a\u4f20"},"options":{"sendno":1881828117,"apns_production":false}}, times:1
Send GET https://device.jpush.cn/v3/devices/190e35f7e040db06cce, body:null, times:1
Send GET https://device.jpush.cn/v3/devices/190e35f7e040db06cce, body:null, times:1
Send POST https://api.jpush.cn/v3/push, body:{"platform":["ios","android"],"audience":{"alias":["10606"]},"notification":{"alert":"\u4e2a\u4eba\u4fe1\u606f\u5ba1\u6838\u4e0d\u901a\u8fc7\uff0c\u8bf7\u91cd\u65b0\u767b\u9646\u4e0a\u4f20"},"options":{"sendno":580448253,"apns_production":false}}, times:1
Send POST https://api.jpush.cn/v3/push, body:{"platform":["ios","android"],"audience":{"registration_id":["18071adc0308733bae7"]},"notification":{"alert":"\u4e2a\u4eba\u4fe1\u606f\u5ba1\u6838\u4e0d\u901a\u8fc7\uff0c\u8bf7\u91cd\u65b0\u767b\u9646\u4e0a\u4f20"},"options":{"sendno":1369449890,"apns_production":false}}, times:1
Send POST https://api.jpush.cn/v3/push, body:{"platform":["ios","android"],"audience":{"registration_id":["18071adc0308733bae7"]},"notification":{"alert":"\u4e2a\u4eba\u4fe1\u606f\u5ba1\u6838\u4e0d\u901a\u8fc7\uff0c\u8bf7\u91cd\u65b0\u767b\u9646\u4e0a\u4f20"},"options":{"sendno":263178489,"apns_production":false}}, times:1
Send POST https://api.jpush.cn/v3/push, body:{"platform":["ios","android"],"audience":{"registration_id":["18071adc030873326d5"]},"notification":{"alert":"\u7cfb\u7edf\u6d88\u606f:\u60a8\u7684\u6d3b\u52a8\u5ba1\u6838\u4e0d\u901a\u8fc7\uff01"},"options":{"sendno":1100138097,"apns_production":false}}, times:1
Send POST https://api.jpush.cn/v3/push, body:{"platform":["ios","android"],"audience":{"registration_id":["18071adc0308733bae7"]},"notification":{"alert":"\u4e2a\u4eba\u4fe1\u606f\u5ba1\u6838\u4e0d\u901a\u8fc7\uff0c\u8bf7\u91cd\u65b0\u767b\u9646\u4e0a\u4f20"},"options":{"sendno":1201508311,"apns_production":false}}, times:1
Send POST https://api.jpush.cn/v3/push, body:{"platform":["ios","android"],"audience":{"registration_id":["18071adc030873326d5"]},"notification":{"alert":"\u7cfb\u7edf\u6d88\u606f:\u60a8\u7684\u6d3b\u52a8\u5ba1\u6838\u4e0d\u901a\u8fc7\uff01"},"options":{"sendno":396520050,"apns_production":false}}, times:1
Send POST https://api.jpush.cn/v3/push, body:{"platform":["ios","android"],"audience":{"registration_id":["18071adc030873326d5"]},"notification":{"alert":"\u7cfb\u7edf\u6d88\u606f:\u60a8\u7684\u6d3b\u52a8\u5ba1\u6838\u4e0d\u901a\u8fc7\uff01"},"options":{"sendno":422814587,"apns_production":false}}, times:1
Send POST https://api.jpush.cn/v3/push, body:{"platform":["ios","android"],"audience":{"registration_id":["13165ffa4e0dac1ac94"]},"notification":{"alert":"\u7cfb\u7edf\u6d88\u606f:\u60a8\u7684\u6d3b\u52a8\u5ba1\u6838\u4e0d\u901a\u8fc7\uff01"},"options":{"sendno":1425491458,"apns_production":false}}, times:1
Send POST https://api.jpush.cn/v3/push, body:{"platform":["ios","android"],"audience":{"registration_id":["13165ffa4e0dac1ac94"]},"notification":{"alert":"\u7cfb\u7edf\u6d88\u606f:\u60a8\u7684\u6d3b\u52a8\u5ba1\u6838\u4e0d\u901a\u8fc7\uff01"},"options":{"sendno":1879669224,"apns_production":false}}, times:1
Send POST https://api.jpush.cn/v3/push, body:{"platform":["ios","android"],"audience":{"registration_id":["13165ffa4e0dac1ac94"]},"notification":{"alert":"\u7cfb\u7edf\u6d88\u606f:\u60a8\u7684\u6d3b\u52a8\u5ba1\u6838\u4e0d\u901a\u8fc7\uff01"},"options":{"sendno":432146605,"apns_production":false}}, times:1
Send POST https://api.jpush.cn/v3/push, body:{"platform":["ios","android"],"audience":{"registration_id":["13165ffa4e0dac1ac94"]},"notification":{"alert":"\u7cfb\u7edf\u6d88\u606f:\u60a8\u7684\u6d3b\u52a8\u5ba1\u6838\u4e0d\u901a\u8fc7\uff01"},"options":{"sendno":1678921805,"apns_production":false}}, times:1
Send POST https://api.jpush.cn/v3/push, body:{"platform":["ios","android"],"audience":{"registration_id":["13165ffa4e0dac1ac94"]},"notification":{"alert":"\u7cfb\u7edf\u6d88\u606f:\u60a8\u7684\u6d3b\u52a8\u5ba1\u6838\u4e0d\u901a\u8fc7\uff01"},"options":{"sendno":470846158,"apns_production":false}}, times:1
Send POST https://api.jpush.cn/v3/push, body:{"platform":["ios","android"],"audience":{"registration_id":["190e35f7e040db06cce"]},"notification":{"alert":"\u7cfb\u7edf\u6d88\u606f:\u60a8\u7684\u6d3b\u52a8\u5ba1\u6838\u4e0d\u901a\u8fc7\uff01"},"options":{"sendno":190081047,"apns_production":false}}, times:1
Send POST https://api.jpush.cn/v3/push, body:{"platform":["ios","android"],"audience":{"registration_id":["190e35f7e040db06cce"]},"notification":{"alert":"\u7cfb\u7edf\u6d88\u606f:\u60a8\u7684\u6d3b\u52a8\u5ba1\u6838\u4e0d\u901a\u8fc7\uff01"},"options":{"sendno":2075284861,"apns_production":false}}, times:1
Send POST https://api.jpush.cn/v3/push, body:{"platform":["ios","android"],"audience":{"registration_id":["190e35f7e040db06cce"]},"notification":{"alert":"\u7cfb\u7edf\u6d88\u606f:\u60a8\u7684\u6d3b\u52a8\u5ba1\u6838\u4e0d\u901a\u8fc7\uff01"},"options":{"sendno":700477057,"apns_production":false}}, times:1
Send POST https://api.jpush.cn/v3/push, body:{"platform":["ios","android"],"audience":{"registration_id":["190e35f7e040db06cce"]},"notification":{"alert":"\u7cfb\u7edf\u6d88\u606f:\u60a8\u7684\u6d3b\u52a8\u5ba1\u6838\u4e0d\u901a\u8fc7\uff01"},"options":{"sendno":1802560425,"apns_production":false}}, times:1
Send POST https://api.jpush.cn/v3/push, body:{"platform":["ios","android"],"audience":{"registration_id":["18071adc0308733bae7"]},"notification":{"alert":"\u4e2a\u4eba\u4fe1\u606f\u5ba1\u6838\u4e0d\u901a\u8fc7\uff0c\u8bf7\u91cd\u65b0\u767b\u9646\u4e0a\u4f20"},"options":{"sendno":1926954251,"apns_production":false}}, times:1
Send POST https://api.jpush.cn/v3/push, body:{"platform":["ios","android"],"audience":{"registration_id":["18071adc030873326d5"]},"notification":{"alert":"\u7cfb\u7edf\u6d88\u606f:\u60a8\u7684\u6d3b\u52a8\u5ba1\u6838\u4e0d\u901a\u8fc7\uff01"},"options":{"sendno":115732736,"apns_production":false}}, times:1
Send POST https://api.jpush.cn/v3/push, body:{"platform":["ios","android"],"audience":{"registration_id":["13165ffa4e0dac1ac94"]},"notification":{"alert":"\u7cfb\u7edf\u6d88\u606f:\u53d1\u8868\u4e0d\u826f\u5185\u5bb9\uff0c\u8be5\u5b66\u5ba2\u5708\u5df2\u88ab\u5220\u9664"},"options":{"sendno":1272942910,"apns_production":false}}, times:1
Send POST https://api.jpush.cn/v3/push, body:{"platform":["ios","android"],"audience":{"registration_id":["13165ffa4e0dac1ac94"]},"notification":{"alert":"\u7cfb\u7edf\u6d88\u606f:\u53d1\u8868\u4e0d\u826f\u5185\u5bb9\uff0c\u8be5\u5b66\u5ba2\u5708\u5df2\u88ab\u5220\u9664"},"options":{"sendno":1585489472,"apns_production":false}}, times:1
Send POST https://api.jpush.cn/v3/push, body:{"platform":["ios","android"],"audience":{"registration_id":["13165ffa4e0dac1ac94"]},"notification":{"alert":"\u7cfb\u7edf\u6d88\u606f:\u53d1\u8868\u4e0d\u826f\u5185\u5bb9\uff0c\u8be5\u5b66\u5ba2\u5708\u5df2\u88ab\u5220\u9664"},"options":{"sendno":2053341543,"apns_production":false}}, times:1
Send POST https://api.jpush.cn/v3/push, body:{"platform":["ios","android"],"audience":{"registration_id":["13165ffa4e0dac1ac94"]},"notification":{"alert":"\u7cfb\u7edf\u6d88\u606f:\u53d1\u8868\u4e0d\u826f\u5185\u5bb9\uff0c\u8be5\u5b66\u5ba2\u5708\u5df2\u88ab\u5220\u9664"},"options":{"sendno":265979173,"apns_production":false}}, times:1
Send POST https://api.jpush.cn/v3/push, body:{"platform":["ios","android"],"audience":{"registration_id":["13165ffa4e0dac1ac94"]},"notification":{"alert":"\u7cfb\u7edf\u6d88\u606f:\u53d1\u8868\u4e0d\u826f\u5185\u5bb9\uff0c\u8be5\u5b66\u5ba2\u5708\u5df2\u88ab\u5220\u9664"},"options":{"sendno":1008398519,"apns_production":false}}, times:1
Send POST https://api.jpush.cn/v3/push, body:{"platform":["ios","android"],"audience":{"registration_id":["13165ffa4e0dac1ac94"]},"notification":{"alert":"\u7cfb\u7edf\u6d88\u606f:\u53d1\u8868\u4e0d\u826f\u5185\u5bb9\uff0c\u8be5\u5b66\u5ba2\u5708\u5df2\u88ab\u5220\u9664"},"options":{"sendno":1281494591,"apns_production":false}}, times:1
Send POST https://api.jpush.cn/v3/push, body:{"platform":["ios","android"],"audience":{"registration_id":["13165ffa4e0dac1ac94"]},"notification":{"alert":"\u7cfb\u7edf\u6d88\u606f:\u53d1\u8868\u4e0d\u826f\u5185\u5bb9\uff0c\u8be5\u5b66\u5ba2\u5708\u5df2\u88ab\u5220\u9664"},"options":{"sendno":308491591,"apns_production":false}}, times:1
Send POST https://api.jpush.cn/v3/push, body:{"platform":["ios","android"],"audience":{"registration_id":["13165ffa4e0dac1ac94"]},"notification":{"alert":"\u7cfb\u7edf\u6d88\u606f:\u53d1\u8868\u4e0d\u826f\u5185\u5bb9\uff0c\u8be5\u5b66\u5ba2\u5708\u5df2\u88ab\u5220\u9664"},"options":{"sendno":482149585,"apns_production":false}}, times:1
Send POST https://api.jpush.cn/v3/push, body:{"platform":["ios","android"],"audience":{"registration_id":["190e35f7e040db06cce"]},"notification":{"alert":"\u7cfb\u7edf\u6d88\u606f:\u53d1\u8868\u4e0d\u826f\u5185\u5bb9\uff0c\u8be5\u5b66\u5ba2\u5708\u5df2\u88ab\u5220\u9664"},"options":{"sendno":1951517386,"apns_production":false}}, times:1
Send POST https://api.jpush.cn/v3/push, body:{"platform":["ios","android"],"audience":{"registration_id":["190e35f7e040db06cce"]},"notification":{"alert":"\u7cfb\u7edf\u6d88\u606f:\u53d1\u8868\u4e0d\u826f\u5185\u5bb9\uff0c\u8be5\u5b66\u5ba2\u5708\u5df2\u88ab\u5220\u9664"},"options":{"sendno":1375865447,"apns_production":false}}, times:1
Send POST https://api.jpush.cn/v3/push, body:{"platform":["ios","android"],"audience":{"registration_id":["190e35f7e040db06cce"]},"notification":{"alert":"\u7cfb\u7edf\u6d88\u606f:\u53d1\u8868\u4e0d\u826f\u5185\u5bb9\uff0c\u8be5\u5b66\u5ba2\u5708\u5df2\u88ab\u5220\u9664"},"options":{"sendno":1066524155,"apns_production":false}}, times:1
Send POST https://api.jpush.cn/v3/push, body:{"platform":["ios","android"],"audience":{"registration_id":["13165ffa4e0dac1ac94"]},"notification":{"alert":"\u7cfb\u7edf\u6d88\u606f:\u53d1\u8868\u4e0d\u826f\u5185\u5bb9\uff0c\u8be5\u5b66\u5ba2\u5708\u5df2\u88ab\u5220\u9664"},"options":{"sendno":2075109104,"apns_production":false}}, times:1
Send POST https://api.jpush.cn/v3/push, body:{"platform":["ios","android"],"audience":{"registration_id":["13165ffa4e0dac1ac94"]},"notification":{"alert":"\u7cfb\u7edf\u6d88\u606f:\u53d1\u8868\u4e0d\u826f\u5185\u5bb9\uff0c\u8be5\u5b66\u5ba2\u5708\u5df2\u88ab\u5220\u9664"},"options":{"sendno":1946689342,"apns_production":false}}, times:1
Send POST https://api.jpush.cn/v3/push, body:{"platform":["ios","android"],"audience":{"registration_id":["190e35f7e040db06cce"]},"notification":{"alert":"\u7cfb\u7edf\u6d88\u606f:\u53d1\u8868\u4e0d\u826f\u5185\u5bb9\uff0c\u8be5\u5b66\u5ba2\u5708\u5df2\u88ab\u5220\u9664"},"options":{"sendno":67898717,"apns_production":false}}, times:1
Send POST https://api.jpush.cn/v3/push, body:{"platform":["ios","android"],"audience":{"registration_id":["190e35f7e040db06cce"]},"notification":{"alert":"\u7cfb\u7edf\u6d88\u606f:\u53d1\u8868\u4e0d\u826f\u5185\u5bb9\uff0c\u8be5\u5b66\u5ba2\u5708\u5df2\u88ab\u5220\u9664"},"options":{"sendno":90515936,"apns_production":false}}, times:1
Send POST https://api.jpush.cn/v3/push, body:{"platform":["ios","android"],"audience":{"registration_id":["13165ffa4e0dac1ac94"]},"notification":{"alert":"\u7cfb\u7edf\u6d88\u606f:\u53d1\u8868\u4e0d\u826f\u5185\u5bb9\uff0c\u8be5\u5b66\u5ba2\u5708\u5df2\u88ab\u5220\u9664"},"options":{"sendno":266173756,"apns_production":false}}, times:1
Send POST https://api.jpush.cn/v3/push, body:{"platform":["ios","android"],"audience":{"registration_id":["13165ffa4e0dac1ac94"]},"notification":{"alert":"\u7cfb\u7edf\u6d88\u606f:\u53d1\u8868\u4e0d\u826f\u5185\u5bb9\uff0c\u8be5\u5b66\u5ba2\u5708\u5df2\u88ab\u5220\u9664"},"options":{"sendno":677971704,"apns_production":false}}, times:1
Send POST https://api.jpush.cn/v3/push, body:{"platform":["ios","android"],"audience":{"registration_id":["13165ffa4e0dac1ac94"]},"notification":{"alert":"\u7cfb\u7edf\u6d88\u606f:\u53d1\u8868\u4e0d\u826f\u5185\u5bb9\uff0c\u8be5\u5b66\u5ba2\u5708\u5df2\u88ab\u5220\u9664"},"options":{"sendno":1066836614,"apns_production":false}}, times:1
Send POST https://api.jpush.cn/v3/push, body:{"platform":["ios","android"],"audience":{"registration_id":["18071adc030873326d5"]},"notification":{"alert":"\u7cfb\u7edf\u6d88\u606f:\u53d1\u8868\u4e0d\u826f\u5185\u5bb9\uff0c\u8be5\u5b66\u5ba2\u5708\u5df2\u88ab\u5220\u9664"},"options":{"sendno":1762781520,"apns_production":false}}, times:1
Send POST https://api.jpush.cn/v3/push, body:{"platform":["ios","android"],"audience":{"registration_id":["13165ffa4e0dac1ac94"]},"notification":{"alert":"\u7cfb\u7edf\u6d88\u606f:\u53d1\u8868\u4e0d\u826f\u5185\u5bb9\uff0c\u8be5\u5b66\u5ba2\u5708\u5df2\u88ab\u5220\u9664"},"options":{"sendno":1949967258,"apns_production":false}}, times:1
Send POST https://api.jpush.cn/v3/push, body:{"platform":["ios","android"],"audience":{"registration_id":["13165ffa4e0dac1ac94"]},"notification":{"alert":"\u7cfb\u7edf\u6d88\u606f:\u53d1\u8868\u4e0d\u826f\u5185\u5bb9\uff0c\u8be5\u5b66\u5ba2\u5708\u5df2\u88ab\u5220\u9664"},"options":{"sendno":120411461,"apns_production":false}}, times:1
Send POST https://api.jpush.cn/v3/push, body:{"platform":["ios","android"],"audience":{"registration_id":["13165ffa4e0dac1ac94"]},"notification":{"alert":"\u7cfb\u7edf\u6d88\u606f:\u53d1\u8868\u4e0d\u826f\u5185\u5bb9\uff0c\u8be5\u5b66\u5ba2\u5708\u5df2\u88ab\u5220\u9664"},"options":{"sendno":1149212034,"apns_production":false}}, times:1
Send POST https://api.jpush.cn/v3/push, body:{"platform":["ios","android"],"audience":{"registration_id":["13165ffa4e0dac1ac94"]},"notification":{"alert":"\u7cfb\u7edf\u6d88\u606f:\u53d1\u8868\u4e0d\u826f\u5185\u5bb9\uff0c\u8be5\u5b66\u5ba2\u5708\u5df2\u88ab\u5220\u9664"},"options":{"sendno":2103672133,"apns_production":false}}, times:1
Send POST https://api.jpush.cn/v3/push, body:{"platform":["ios","android"],"audience":{"registration_id":["13165ffa4e0dac1ac94"]},"notification":{"alert":"\u7cfb\u7edf\u6d88\u606f:\u53d1\u8868\u4e0d\u826f\u5185\u5bb9\uff0c\u8be5\u5b66\u5ba2\u5708\u5df2\u88ab\u5220\u9664"},"options":{"sendno":1195386659,"apns_production":false}}, times:1
Send POST https://api.jpush.cn/v3/push, body:{"platform":["ios","android"],"audience":{"registration_id":["13165ffa4e0dac1ac94"]},"notification":{"alert":"\u7cfb\u7edf\u6d88\u606f:\u53d1\u8868\u4e0d\u826f\u5185\u5bb9\uff0c\u8be5\u5b66\u5ba2\u5708\u5df2\u88ab\u5220\u9664"},"options":{"sendno":1895102798,"apns_production":false}}, times:1
Send POST https://api.jpush.cn/v3/push, body:{"platform":["ios","android"],"audience":{"registration_id":["13165ffa4e0dac1ac94"]},"notification":{"alert":"\u7cfb\u7edf\u6d88\u606f:\u53d1\u8868\u4e0d\u826f\u5185\u5bb9\uff0c\u8be5\u5b66\u5ba2\u5708\u5df2\u88ab\u5220\u9664"},"options":{"sendno":1546656703,"apns_production":false}}, times:1
Send POST https://api.jpush.cn/v3/push, body:{"platform":["ios","android"],"audience":{"registration_id":["13165ffa4e0dac1ac94"]},"notification":{"alert":"\u7cfb\u7edf\u6d88\u606f:\u53d1\u8868\u4e0d\u826f\u5185\u5bb9\uff0c\u8be5\u5b66\u5ba2\u5708\u5df2\u88ab\u5220\u9664"},"options":{"sendno":1655474362,"apns_production":false}}, times:1
Send POST https://api.jpush.cn/v3/push, body:{"platform":["ios","android"],"audience":{"registration_id":["13165ffa4e0dac1ac94"]},"notification":{"alert":"\u7cfb\u7edf\u6d88\u606f:\u53d1\u8868\u4e0d\u826f\u5185\u5bb9\uff0c\u8be5\u5b66\u5ba2\u5708\u5df2\u88ab\u5220\u9664"},"options":{"sendno":712878281,"apns_production":false}}, times:1
Send POST https://api.jpush.cn/v3/push, body:{"platform":["ios","android"],"audience":{"registration_id":["13165ffa4e0dac1ac94"]},"notification":{"alert":"\u7cfb\u7edf\u6d88\u606f:\u53d1\u8868\u4e0d\u826f\u5185\u5bb9\uff0c\u8be5\u5b66\u5ba2\u5708\u5df2\u88ab\u5220\u9664"},"options":{"sendno":1936450435,"apns_production":false}}, times:1
Send POST https://api.jpush.cn/v3/push, body:{"platform":["ios","android"],"audience":{"registration_id":["13165ffa4e0dac1ac94"]},"notification":{"alert":"\u7cfb\u7edf\u6d88\u606f:\u53d1\u8868\u4e0d\u826f\u5185\u5bb9\uff0c\u8be5\u5b66\u5ba2\u5708\u5df2\u88ab\u5220\u9664"},"options":{"sendno":1836082692,"apns_production":false}}, times:1
Send POST https://api.jpush.cn/v3/push, body:{"platform":["ios","android"],"audience":{"registration_id":["13165ffa4e0dac1ac94"]},"notification":{"alert":"\u7cfb\u7edf\u6d88\u606f:\u53d1\u8868\u4e0d\u826f\u5185\u5bb9\uff0c\u8be5\u5b66\u5ba2\u5708\u5df2\u88ab\u5220\u9664"},"options":{"sendno":472981943,"apns_production":false}}, times:1
Send POST https://api.jpush.cn/v3/push, body:{"platform":["ios","android"],"audience":{"registration_id":["13165ffa4e0dac1ac94"]},"notification":{"alert":"\u7cfb\u7edf\u6d88\u606f:\u53d1\u8868\u4e0d\u826f\u5185\u5bb9\uff0c\u8be5\u5b66\u5ba2\u5708\u5df2\u88ab\u5220\u9664"},"options":{"sendno":503100452,"apns_production":false}}, times:1
Send POST https://api.jpush.cn/v3/push, body:{"platform":["ios","android"],"audience":{"registration_id":["13165ffa4e0dac1ac94"]},"notification":{"alert":"\u7cfb\u7edf\u6d88\u606f:\u53d1\u8868\u4e0d\u826f\u5185\u5bb9\uff0c\u8be5\u5b66\u5ba2\u5708\u5df2\u88ab\u5220\u9664"},"options":{"sendno":509699211,"apns_production":false}}, times:1
Send POST https://api.jpush.cn/v3/push, body:{"platform":["ios","android"],"audience":{"registration_id":["13165ffa4e0dac1ac94"]},"notification":{"alert":"\u7cfb\u7edf\u6d88\u606f:\u53d1\u8868\u4e0d\u826f\u5185\u5bb9\uff0c\u8be5\u5b66\u5ba2\u5708\u5df2\u88ab\u5220\u9664"},"options":{"sendno":1133533401,"apns_production":false}}, times:1
Send POST https://api.jpush.cn/v3/push, body:{"platform":["ios","android"],"audience":{"registration_id":["13165ffa4e0dac1ac94"]},"notification":{"alert":"\u7cfb\u7edf\u6d88\u606f:\u53d1\u8868\u4e0d\u826f\u5185\u5bb9\uff0c\u8be5\u5b66\u5ba2\u5708\u5df2\u88ab\u5220\u9664"},"options":{"sendno":1664695409,"apns_production":false}}, times:1
Send POST https://api.jpush.cn/v3/push, body:{"platform":["ios","android"],"audience":{"registration_id":["13165ffa4e0dac1ac94"]},"notification":{"alert":"\u7cfb\u7edf\u6d88\u606f:\u53d1\u8868\u4e0d\u826f\u5185\u5bb9\uff0c\u8be5\u5b66\u5ba2\u5708\u5df2\u88ab\u5220\u9664"},"options":{"sendno":2106734360,"apns_production":false}}, times:1
Send POST https://api.jpush.cn/v3/push, body:{"platform":["ios","android"],"audience":{"registration_id":["13165ffa4e0dac1ac94"]},"notification":{"alert":"\u7cfb\u7edf\u6d88\u606f:\u53d1\u8868\u4e0d\u826f\u5185\u5bb9\uff0c\u8be5\u5b66\u5ba2\u5708\u5df2\u88ab\u5220\u9664"},"options":{"sendno":78145957,"apns_production":false}}, times:1
Send POST https://api.jpush.cn/v3/push, body:{"platform":["ios","android"],"audience":{"registration_id":["190e35f7e040db06cce"]},"notification":{"alert":"\u7cfb\u7edf\u6d88\u606f:\u53d1\u8868\u4e0d\u826f\u5185\u5bb9\uff0c\u8be5\u5b66\u5ba2\u5708\u5df2\u88ab\u5220\u9664"},"options":{"sendno":1327278647,"apns_production":false}}, times:1
Send POST https://api.jpush.cn/v3/push, body:{"platform":["ios","android"],"audience":{"registration_id":["18071adc0308733bae7"]},"notification":{"alert":"\u7cfb\u7edf\u6d88\u606f:\u53d1\u8868\u4e0d\u826f\u5185\u5bb9\uff0c\u8be5\u5b66\u5ba2\u5708\u5df2\u88ab\u5220\u9664"},"options":{"sendno":1752944358,"apns_production":false}}, times:1
Send POST https://api.jpush.cn/v3/push, body:{"platform":["ios","android"],"audience":{"registration_id":["191e35f7e04f9818800"]},"notification":{"alert":"\u7cfb\u7edf\u6d88\u606f:\u60a8\u7684\u6d3b\u52a8\u5ba1\u6838\u4e0d\u901a\u8fc7\uff01"},"options":{"sendno":34229457,"apns_production":false}}, times:1
Send POST https://api.jpush.cn/v3/push, body:{"platform":["ios","android"],"audience":{"registration_id":["13065ffa4e0db80c314"]},"notification":{"alert":"\u7cfb\u7edf\u6d88\u606f:\u60a8\u7684\u6d3b\u52a8\u5ba1\u6838\u4e0d\u901a\u8fc7\uff01"},"options":{"sendno":330331437,"apns_production":false}}, times:1
Send POST https://api.jpush.cn/v3/push, body:{"platform":["ios","android"],"audience":{"registration_id":["191e35f7e04f9818800"]},"notification":{"alert":"\u7cfb\u7edf\u6d88\u606f:\u60a8\u7684\u6d3b\u52a8\u5ba1\u6838\u4e0d\u901a\u8fc7\uff01"},"options":{"sendno":1920890709,"apns_production":false}}, times:1
